# JRE version: OpenJDK Runtime Environment Temurin-17.0.6+10 (17.0.6+10) (build 17.0.6+10)
# Java VM: OpenJDK 64-Bit Server VM Temurin-17.0.6+10 (17.0.6+10, mixed mode, tiered, compressed oops, compressed class ptrs, parallel gc, linux-amd64)
GC Precious Log:
 CPUs: 4 total, 4 available
 Memory: 15732M
 Large Page Support: Disabled
 NUMA Support: Disabled
 Compressed Oops: Enabled (32-bit)
 Alignments: Space 512K, Generation 512K, Heap 2M
 Heap Min Capacity: 100M
 Heap Initial Capacity: 100M
 Heap Max Capacity: 2G
 Pre-touch: Disabled
 Parallel Workers: 4
Heap:
 PSYoungGen      total 24576K, used 24567K [0x00000000d5580000, 0x00000000d8000000, 0x0000000100000000)
  eden space 14848K, 100% used [0x00000000d5580000,0x00000000d6400000,0x00000000d6400000)
  from space 9728K, 99% used [0x00000000d6780000,0x00000000d70fdef0,0x00000000d7100000)
  to   space 14336K, 0% used [0x00000000d7200000,0x00000000d7200000,0x00000000d8000000)
 ParOldGen       total 160768K, used 148499K [0x0000000080000000, 0x0000000089d00000, 0x00000000d5580000)
  object space 160768K, 92% used [0x0000000080000000,0x0000000089104d58,0x0000000089d00000)
 Metaspace       used 77680K, committed 78720K, reserved 1122304K
  class space    used 8533K, committed 9024K, reserved 1048576K
GC Heap History (20 events):
Event: 1429.982 GC heap before
{Heap before GC invocations=77 (full 6):
 PSYoungGen      total 17920K, used 17890K [0x00000000d5580000, 0x00000000d7200000, 0x0000000100000000)
  eden space 11776K, 100% used [0x00000000d5580000,0x00000000d6100000,0x00000000d6100000)
  from space 6144K, 99% used [0x00000000d6100000,0x00000000d66f8b30,0x00000000d6700000)
  to   space 8192K, 0% used [0x00000000d6a00000,0x00000000d6a00000,0x00000000d7200000)
 ParOldGen       total 160768K, used 124987K [0x0000000080000000, 0x0000000089d00000, 0x00000000d5580000)
  object space 160768K, 77% used [0x0000000080000000,0x0000000087a0ee48,0x0000000089d00000)
 Metaspace       used 76585K, committed 77696K, reserved 1122304K
  class space    used 8453K, committed 8960K, reserved 1048576K
}
Event: 1430.020 GC heap after
{Heap after GC invocations=77 (full 6):
 PSYoungGen      total 19968K, used 6803K [0x00000000d5580000, 0x00000000d7100000, 0x0000000100000000)
  eden space 12800K, 0% used [0x00000000d5580000,0x00000000d5580000,0x00000000d6200000)
  from space 7168K, 94% used [0x00000000d6a00000,0x00000000d70a4ee0,0x00000000d7100000)
  to   space 7168K, 0% used [0x00000000d6300000,0x00000000d6300000,0x00000000d6a00000)
 ParOldGen       total 160768K, used 124995K [0x0000000080000000, 0x0000000089d00000, 0x00000000d5580000)
  object space 160768K, 77% used [0x0000000080000000,0x0000000087a10e48,0x0000000089d00000)
 Metaspace       used 76585K, committed 77696K, reserved 1122304K
  class space    used 8453K, committed 8960K, reserved 1048576K
}
Event: 2315.324 GC heap before
{Heap before GC invocations=78 (full 6):
 PSYoungGen      total 19968K, used 19603K [0x00000000d5580000, 0x00000000d7100000, 0x0000000100000000)
  eden space 12800K, 99% used [0x00000000d5580000,0x00000000d61fffc0,0x00000000d6200000)
  from space 7168K, 94% used [0x00000000d6a00000,0x00000000d70a4ee0,0x00000000d7100000)
  to   space 7168K, 0% used [0x00000000d6300000,0x00000000d6300000,0x00000000d6a00000)
 ParOldGen       total 160768K, used 124995K [0x0000000080000000, 0x0000000089d00000, 0x00000000d5580000)
  object space 160768K, 77% used [0x0000000080000000,0x0000000087a10e48,0x0000000089d00000)
 Metaspace       used 76796K, committed 77888K, reserved 1122304K
  class space    used 8463K, committed 8960K, reserved 1048576K
}
Event: 2315.344 GC heap after
{Heap after GC invocations=78 (full 6):
 PSYoungGen      total 19968K, used 7152K [0x00000000d5580000, 0x00000000d7300000, 0x0000000100000000)
  eden space 12800K, 0% used [0x00000000d5580000,0x00000000d5580000,0x00000000d6200000)
  from space 7168K, 99% used [0x00000000d6300000,0x00000000d69fc368,0x00000000d6a00000)
  to   space 8704K, 0% used [0x00000000d6a80000,0x00000000d6a80000,0x00000000d7300000)
 ParOldGen       total 160768K, used 125976K [0x0000000080000000, 0x0000000089d00000, 0x00000000d5580000)
  object space 160768K, 78% used [0x0000000080000000,0x0000000087b06318,0x0000000089d00000)
 Metaspace       used 76796K, committed 77888K, reserved 1122304K
  class space    used 8463K, committed 8960K, reserved 1048576K
}
Event: 2315.639 GC heap before
{Heap before GC invocations=79 (full 6):
 PSYoungGen      total 19968K, used 19952K [0x00000000d5580000, 0x00000000d7300000, 0x0000000100000000)
  eden space 12800K, 100% used [0x00000000d5580000,0x00000000d6200000,0x00000000d6200000)
  from space 7168K, 99% used [0x00000000d6300000,0x00000000d69fc368,0x00000000d6a00000)
  to   space 8704K, 0% used [0x00000000d6a80000,0x00000000d6a80000,0x00000000d7300000)
 ParOldGen       total 160768K, used 125976K [0x0000000080000000, 0x0000000089d00000, 0x00000000d5580000)
  object space 160768K, 78% used [0x0000000080000000,0x0000000087b06318,0x0000000089d00000)
 Metaspace       used 76979K, committed 78016K, reserved 1122304K
  class space    used 8479K, committed 8960K, reserved 1048576K
}
Event: 2315.647 GC heap after
{Heap after GC invocations=79 (full 6):
 PSYoungGen      total 19968K, used 6990K [0x00000000d5580000, 0x00000000d7180000, 0x0000000100000000)
  eden space 12800K, 0% used [0x00000000d5580000,0x00000000d5580000,0x00000000d6200000)
  from space 7168K, 97% used [0x00000000d6a80000,0x00000000d71539c8,0x00000000d7180000)
  to   space 7680K, 0% used [0x00000000d6280000,0x00000000d6280000,0x00000000d6a00000)
 ParOldGen       total 160768K, used 128679K [0x0000000080000000, 0x0000000089d00000, 0x00000000d5580000)
  object space 160768K, 80% used [0x0000000080000000,0x0000000087da9d08,0x0000000089d00000)
 Metaspace       used 76979K, committed 78016K, reserved 1122304K
  class space    used 8479K, committed 8960K, reserved 1048576K
}
Event: 2315.732 GC heap before
{Heap before GC invocations=80 (full 6):
 PSYoungGen      total 19968K, used 19790K [0x00000000d5580000, 0x00000000d7180000, 0x0000000100000000)
  eden space 12800K, 100% used [0x00000000d5580000,0x00000000d6200000,0x00000000d6200000)
  from space 7168K, 97% used [0x00000000d6a80000,0x00000000d71539c8,0x00000000d7180000)
  to   space 7680K, 0% used [0x00000000d6280000,0x00000000d6280000,0x00000000d6a00000)
 ParOldGen       total 160768K, used 128679K [0x0000000080000000, 0x0000000089d00000, 0x00000000d5580000)
  object space 160768K, 80% used [0x0000000080000000,0x0000000087da9d08,0x0000000089d00000)
 Metaspace       used 77032K, committed 78080K, reserved 1122304K
  class space    used 8480K, committed 8960K, reserved 1048576K
}
Event: 2315.755 GC heap after
{Heap after GC invocations=80 (full 6):
 PSYoungGen      total 20992K, used 6766K [0x00000000d5580000, 0x00000000d7100000, 0x0000000100000000)
  eden space 13312K, 0% used [0x00000000d5580000,0x00000000d5580000,0x00000000d6280000)
  from space 7680K, 88% used [0x00000000d6280000,0x00000000d691b9e8,0x00000000d6a00000)
  to   space 7168K, 0% used [0x00000000d6a00000,0x00000000d6a00000,0x00000000d7100000)
 ParOldGen       total 160768K, used 128687K [0x0000000080000000, 0x0000000089d00000, 0x00000000d5580000)
  object space 160768K, 80% used [0x0000000080000000,0x0000000087dabd08,0x0000000089d00000)
 Metaspace       used 77032K, committed 78080K, reserved 1122304K
  class space    used 8480K, committed 8960K, reserved 1048576K
}
Event: 2315.958 GC heap before
{Heap before GC invocations=81 (full 6):
 PSYoungGen      total 20992K, used 20078K [0x00000000d5580000, 0x00000000d7100000, 0x0000000100000000)
  eden space 13312K, 100% used [0x00000000d5580000,0x00000000d6280000,0x00000000d6280000)
  from space 7680K, 88% used [0x00000000d6280000,0x00000000d691b9e8,0x00000000d6a00000)
  to   space 7168K, 0% used [0x00000000d6a00000,0x00000000d6a00000,0x00000000d7100000)
 ParOldGen       total 160768K, used 128687K [0x0000000080000000, 0x0000000089d00000, 0x00000000d5580000)
  object space 160768K, 80% used [0x0000000080000000,0x0000000087dabd08,0x0000000089d00000)
 Metaspace       used 77311K, committed 78336K, reserved 1122304K
  class space    used 8506K, committed 8960K, reserved 1048576K
}
Event: 2315.964 GC heap after
{Heap after GC invocations=81 (full 6):
 PSYoungGen      total 19968K, used 7145K [0x00000000d5580000, 0x00000000d7280000, 0x0000000100000000)
  eden space 12800K, 0% used [0x00000000d5580000,0x00000000d5580000,0x00000000d6200000)
  from space 7168K, 99% used [0x00000000d6a00000,0x00000000d70fa660,0x00000000d7100000)
  to   space 8192K, 0% used [0x00000000d6200000,0x00000000d6200000,0x00000000d6a00000)
 ParOldGen       total 160768K, used 129239K [0x0000000080000000, 0x0000000089d00000, 0x00000000d5580000)
  object space 160768K, 80% used [0x0000000080000000,0x0000000087e35c98,0x0000000089d00000)
 Metaspace       used 77311K, committed 78336K, reserved 1122304K
  class space    used 8506K, committed 8960K, reserved 1048576K
}
Event: 2316.804 GC heap before
{Heap before GC invocations=82 (full 6):
 PSYoungGen      total 19968K, used 19945K [0x00000000d5580000, 0x00000000d7280000, 0x0000000100000000)
  eden space 12800K, 100% used [0x00000000d5580000,0x00000000d6200000,0x00000000d6200000)
  from space 7168K, 99% used [0x00000000d6a00000,0x00000000d70fa660,0x00000000d7100000)
  to   space 8192K, 0% used [0x00000000d6200000,0x00000000d6200000,0x00000000d6a00000)
 ParOldGen       total 160768K, used 129239K [0x0000000080000000, 0x0000000089d00000, 0x00000000d5580000)
  object space 160768K, 80% used [0x0000000080000000,0x0000000087e35c98,0x0000000089d00000)
 Metaspace       used 77428K, committed 78464K, reserved 1122304K
  class space    used 8529K, committed 9024K, reserved 1048576K
}
Event: 2316.809 GC heap after
{Heap after GC invocations=82 (full 6):
 PSYoungGen      total 15872K, used 2973K [0x00000000d5580000, 0x00000000d6c00000, 0x0000000100000000)
  eden space 12800K, 0% used [0x00000000d5580000,0x00000000d5580000,0x00000000d6200000)
  from space 3072K, 96% used [0x00000000d6200000,0x00000000d64e7588,0x00000000d6500000)
  to   space 5120K, 0% used [0x00000000d6700000,0x00000000d6700000,0x00000000d6c00000)
 ParOldGen       total 160768K, used 132491K [0x0000000080000000, 0x0000000089d00000, 0x00000000d5580000)
  object space 160768K, 82% used [0x0000000080000000,0x0000000088162cb0,0x0000000089d00000)
 Metaspace       used 77428K, committed 78464K, reserved 1122304K
  class space    used 8529K, committed 9024K, reserved 1048576K
}
Event: 2318.248 GC heap before
{Heap before GC invocations=83 (full 6):
 PSYoungGen      total 15872K, used 15708K [0x00000000d5580000, 0x00000000d6c00000, 0x0000000100000000)
  eden space 12800K, 99% used [0x00000000d5580000,0x00000000d61efb80,0x00000000d6200000)
  from space 3072K, 96% used [0x00000000d6200000,0x00000000d64e7588,0x00000000d6500000)
  to   space 5120K, 0% used [0x00000000d6700000,0x00000000d6700000,0x00000000d6c00000)
 ParOldGen       total 160768K, used 132491K [0x0000000080000000, 0x0000000089d00000, 0x00000000d5580000)
  object space 160768K, 82% used [0x0000000080000000,0x0000000088162cb0,0x0000000089d00000)
 Metaspace       used 77543K, committed 78656K, reserved 1122304K
  class space    used 8530K, committed 9024K, reserved 1048576K
}
Event: 2318.251 GC heap after
{Heap after GC invocations=83 (full 6):
 PSYoungGen      total 17920K, used 4573K [0x00000000d5580000, 0x00000000d6c00000, 0x0000000100000000)
  eden space 12800K, 0% used [0x00000000d5580000,0x00000000d5580000,0x00000000d6200000)
  from space 5120K, 89% used [0x00000000d6700000,0x00000000d6b77588,0x00000000d6c00000)
  to   space 5120K, 0% used [0x00000000d6200000,0x00000000d6200000,0x00000000d6700000)
 ParOldGen       total 160768K, used 132499K [0x0000000080000000, 0x0000000089d00000, 0x00000000d5580000)
  object space 160768K, 82% used [0x0000000080000000,0x0000000088164cb0,0x0000000089d00000)
 Metaspace       used 77543K, committed 78656K, reserved 1122304K
  class space    used 8530K, committed 9024K, reserved 1048576K
}
Event: 2318.360 GC heap before
{Heap before GC invocations=84 (full 6):
 PSYoungGen      total 17920K, used 17373K [0x00000000d5580000, 0x00000000d6c00000, 0x0000000100000000)
  eden space 12800K, 99% used [0x00000000d5580000,0x00000000d61fffe0,0x00000000d6200000)
  from space 5120K, 89% used [0x00000000d6700000,0x00000000d6b77588,0x00000000d6c00000)
  to   space 5120K, 0% used [0x00000000d6200000,0x00000000d6200000,0x00000000d6700000)
 ParOldGen       total 160768K, used 132499K [0x0000000080000000, 0x0000000089d00000, 0x00000000d5580000)
  object space 160768K, 82% used [0x0000000080000000,0x0000000088164cb0,0x0000000089d00000)
 Metaspace       used 77543K, committed 78656K, reserved 1122304K
  class space    used 8530K, committed 9024K, reserved 1048576K
}
Event: 2318.412 GC heap after
{Heap after GC invocations=84 (full 6):
 PSYoungGen      total 17920K, used 5113K [0x00000000d5580000, 0x00000000d8600000, 0x0000000100000000)
  eden space 12800K, 0% used [0x00000000d5580000,0x00000000d5580000,0x00000000d6200000)
  from space 5120K, 99% used [0x00000000d6200000,0x00000000d66fe568,0x00000000d6700000)
  to   space 17920K, 0% used [0x00000000d7480000,0x00000000d7480000,0x00000000d8600000)
 ParOldGen       total 160768K, used 143141K [0x0000000080000000, 0x0000000089d00000, 0x00000000d5580000)
  object space 160768K, 89% used [0x0000000080000000,0x0000000088bc9578,0x0000000089d00000)
 Metaspace       used 77543K, committed 78656K, reserved 1122304K
  class space    used 8530K, committed 9024K, reserved 1048576K
}
Event: 2318.491 GC heap before
{Heap before GC invocations=85 (full 6):
 PSYoungGen      total 17920K, used 17913K [0x00000000d5580000, 0x00000000d8600000, 0x0000000100000000)
  eden space 12800K, 100% used [0x00000000d5580000,0x00000000d6200000,0x00000000d6200000)
  from space 5120K, 99% used [0x00000000d6200000,0x00000000d66fe568,0x00000000d6700000)
  to   space 17920K, 0% used [0x00000000d7480000,0x00000000d7480000,0x00000000d8600000)
 ParOldGen       total 160768K, used 143141K [0x0000000080000000, 0x0000000089d00000, 0x00000000d5580000)
  object space 160768K, 89% used [0x0000000080000000,0x0000000088bc9578,0x0000000089d00000)
 Metaspace       used 77566K, committed 78656K, reserved 1122304K
  class space    used 8530K, committed 9024K, reserved 1048576K
}
Event: 2318.501 GC heap after
{Heap after GC invocations=85 (full 6):
 PSYoungGen      total 19968K, used 5652K [0x00000000d5580000, 0x00000000d7a80000, 0x0000000100000000)
  eden space 13824K, 0% used [0x00000000d5580000,0x00000000d5580000,0x00000000d6300000)
  from space 6144K, 92% used [0x00000000d7480000,0x00000000d7a053d8,0x00000000d7a80000)
  to   space 9728K, 0% used [0x00000000d6780000,0x00000000d6780000,0x00000000d7100000)
 ParOldGen       total 160768K, used 145438K [0x0000000080000000, 0x0000000089d00000, 0x00000000d5580000)
  object space 160768K, 90% used [0x0000000080000000,0x0000000088e07b30,0x0000000089d00000)
 Metaspace       used 77566K, committed 78656K, reserved 1122304K
  class space    used 8530K, committed 9024K, reserved 1048576K
}
Event: 2319.163 GC heap before
{Heap before GC invocations=86 (full 6):
 PSYoungGen      total 19968K, used 19476K [0x00000000d5580000, 0x00000000d7a80000, 0x0000000100000000)
  eden space 13824K, 100% used [0x00000000d5580000,0x00000000d6300000,0x00000000d6300000)
  from space 6144K, 92% used [0x00000000d7480000,0x00000000d7a053d8,0x00000000d7a80000)
  to   space 9728K, 0% used [0x00000000d6780000,0x00000000d6780000,0x00000000d7100000)
 ParOldGen       total 160768K, used 145438K [0x0000000080000000, 0x0000000089d00000, 0x00000000d5580000)
  object space 160768K, 90% used [0x0000000080000000,0x0000000088e07b30,0x0000000089d00000)
 Metaspace       used 77597K, committed 78656K, reserved 1122304K
  class space    used 8531K, committed 9024K, reserved 1048576K
}
Event: 2319.178 GC heap after
{Heap after GC invocations=86 (full 6):
 PSYoungGen      total 24576K, used 9719K [0x00000000d5580000, 0x00000000d8000000, 0x0000000100000000)
  eden space 14848K, 0% used [0x00000000d5580000,0x00000000d5580000,0x00000000d6400000)
  from space 9728K, 99% used [0x00000000d6780000,0x00000000d70fdef0,0x00000000d7100000)
  to   space 14336K, 0% used [0x00000000d7200000,0x00000000d7200000,0x00000000d8000000)
 ParOldGen       total 160768K, used 148499K [0x0000000080000000, 0x0000000089d00000, 0x00000000d5580000)
  object space 160768K, 92% used [0x0000000080000000,0x0000000089104d58,0x0000000089d00000)
 Metaspace       used 77597K, committed 78656K, reserved 1122304K
  class space    used 8531K, committed 9024K, reserved 1048576K
}

